<?xml version="1.0" encoding="UTF-8"?>
<!-- Generated by org.testng.reporters.JUnitReportReporter -->
<testsuite hostname="Sakif" failures="0" tests="6" name="com.test.GoogleTest" time="11.495" errors="0" timestamp="2022-08-16T12:07:37 EDT" skipped="0">
  <testcase classname="com.test.GoogleTest" name="googleTitleTest" time="1.624"/>
  <system-out/>
  <testcase classname="com.test.GoogleTest" name="gmailLinkTest" time="1.741"/>
  <system-out/>
  <testcase classname="com.test.GoogleTest" name="googleLogoTest" time="1.764"/>
  <system-out/>
  <testcase classname="com.test.GoogleTest" name="test1" time="1.784"/>
  <system-out/>
  <testcase classname="com.test.GoogleTest" name="test2" time="1.753"/>
  <system-out/>
  <testcase classname="com.test.GoogleTest" name="test3" time="2.829"/>
  <system-out/>
</testsuite> <!-- com.test.GoogleTest -->
