<?xml version="1.0" encoding="UTF-8"?>
<!-- Generated by org.testng.reporters.JUnitReportReporter -->
<testsuite hostname="Sakif" failures="0" tests="1" name="com.test.ExceptionTimeOutTest" time="0.000" errors="0" timestamp="2022-08-16T12:07:37 EDT" skipped="0">
  <testcase classname="com.test.ExceptionTimeOutTest" name="test1" time="0.000"/>
  <system-out/>
</testsuite> <!-- com.test.ExceptionTimeOutTest -->
