<?xml version="1.0" encoding="UTF-8"?>
<!-- Generated by org.testng.reporters.JUnitReportReporter -->
<testsuite hostname="Sakif" failures="0" tests="10" name="com.test.InvocationCountTest" time="0.002" errors="0" timestamp="2022-08-16T12:07:37 EDT" skipped="0">
  <testcase classname="com.test.InvocationCountTest" name="sum" time="0.000"/>
  <system-out/>
  <testcase classname="com.test.InvocationCountTest" name="sum" time="0.000"/>
  <system-out/>
  <testcase classname="com.test.InvocationCountTest" name="sum" time="0.000"/>
  <system-out/>
  <testcase classname="com.test.InvocationCountTest" name="sum" time="0.000"/>
  <system-out/>
  <testcase classname="com.test.InvocationCountTest" name="sum" time="0.000"/>
  <system-out/>
  <testcase classname="com.test.InvocationCountTest" name="sum" time="0.002"/>
  <system-out/>
  <testcase classname="com.test.InvocationCountTest" name="sum" time="0.000"/>
  <system-out/>
  <testcase classname="com.test.InvocationCountTest" name="sum" time="0.000"/>
  <system-out/>
  <testcase classname="com.test.InvocationCountTest" name="sum" time="0.000"/>
  <system-out/>
  <testcase classname="com.test.InvocationCountTest" name="sum" time="0.000"/>
  <system-out/>
</testsuite> <!-- com.test.InvocationCountTest -->
