<?xml version="1.0" encoding="UTF-8"?>
<!-- Generated by org.testng.reporters.JUnitReportReporter -->
<testsuite hostname="Sakif" failures="0" tests="3" name="com.test.TestNgBasics" time="0.000" errors="0" timestamp="2022-08-16T12:07:37 EDT" skipped="0">
  <testcase classname="com.test.TestNgBasics" name="googleLogoTest" time="0.000"/>
  <system-out/>
  <testcase classname="com.test.TestNgBasics" name="googleTitleTest" time="0.000"/>
  <system-out/>
  <testcase classname="com.test.TestNgBasics" name="searchTest" time="0.000"/>
  <system-out/>
</testsuite> <!-- com.test.TestNgBasics -->
