<?xml version="1.0" encoding="UTF-8"?>
<!-- Generated by org.testng.reporters.JUnitReportReporter -->
<testsuite hostname="Sakif" failures="0" tests="2" name="com.test.GoogleTitleTest" time="3.295" errors="0" timestamp="2022-08-16T12:07:37 EDT" skipped="0">
  <testcase classname="com.test.GoogleTitleTest" name="googleTitleTest" time="1.676"/>
  <system-out/>
  <testcase classname="com.test.GoogleTitleTest" name="googleLogoTest" time="1.619"/>
  <system-out/>
</testsuite> <!-- com.test.GoogleTitleTest -->
