<?xml version="1.0" encoding="UTF-8"?>
<!-- Generated by org.testng.reporters.JUnitReportReporter -->
<testsuite hostname="Sakif" failures="0" tests="4" name="com.test.TestNgFeatures" time="0.000" errors="0" timestamp="2022-08-16T12:07:37 EDT" skipped="0">
  <testcase classname="com.test.TestNgFeatures" name="loginTest" time="0.000"/>
  <system-out/>
  <testcase classname="com.test.TestNgFeatures" name="regPageTest" time="0.000"/>
  <system-out/>
  <testcase classname="com.test.TestNgFeatures" name="homePageTest" time="0.000"/>
  <system-out/>
  <testcase classname="com.test.TestNgFeatures" name="searchPageTest" time="0.000"/>
  <system-out/>
</testsuite> <!-- com.test.TestNgFeatures -->
